<?xml version="1.0" encoding="UTF-8"?>
<testng-results skipped="0" failed="0" ignored="0" total="1" passed="1">
  <reporter-output>
  </reporter-output>
  <suite name="Default suite" duration-ms="46924" started-at="2019-01-16T15:58:35Z" finished-at="2019-01-16T15:59:22Z">
    <groups>
      <group name="regression">
        <method signature="MergeLead.MergeLeadTest()[pri:0, instance:testcases.MergeLead@3632be31]" name="MergeLeadTest" class="testcases.MergeLead"/>
      </group> <!-- regression -->
    </groups>
    <test name="Default test" duration-ms="46924" started-at="2019-01-16T15:58:35Z" finished-at="2019-01-16T15:59:22Z">
      <class name="testcases.MergeLead">
        <test-method status="PASS" signature="MergeLeadTest()[pri:0, instance:testcases.MergeLead@3632be31]" name="MergeLeadTest" duration-ms="46901" started-at="2019-01-16T15:58:35Z" finished-at="2019-01-16T15:59:22Z">
          <reporter-output>
          </reporter-output>
        </test-method> <!-- MergeLeadTest -->
      </class> <!-- testcases.MergeLead -->
    </test> <!-- Default test -->
  </suite> <!-- Default suite -->
</testng-results>
