<?xml version="1.0" encoding="UTF-8"?>
<!-- Generated by org.testng.reporters.JUnitXMLReporter -->
<testsuite hostname="Apparnaas-MacBook-Pro.local" ignored="1" name="LearnGroups" tests="2" failures="0" timestamp="12 Jan 2019 07:40:47 GMT" time="47.209" errors="0">
  <testcase name="createLead" time="17.937" classname="testcases.CreateLead"/>
  <testcase name="editLead" time="24.227" classname="testcases.EditLead"/>
  <testcase name="MergeLeadTest" time="0.0" classname="testcases.MergeLead">
    <ignored/>
  </testcase> <!-- MergeLeadTest -->
</testsuite> <!-- LearnGroups -->
