<?xml version="1.0" encoding="UTF-8"?>
<!-- Generated by org.testng.reporters.JUnitXMLReporter -->
<testsuite hostname="Apparnaas-MBP" ignored="0" name="TestParallel" tests="2" failures="1" timestamp="05 Jan 2019 04:19:35 GMT" time="27.351" errors="0">
  <testcase name="editLead" time="0.001" classname="testcases.DulicateLead">
    <failure type="java.util.NoSuchElementException" message="No line found">
      <![CDATA[java.util.NoSuchElementException: No line found
at java.util.Scanner.nextLine(Scanner.java:1540)
at testcases.DulicateLead.editLead(DulicateLead.java:19)
at java.util.concurrent.ThreadPoolExecutor.runWorker(ThreadPoolExecutor.java:1149)
at java.util.concurrent.ThreadPoolExecutor$Worker.run(ThreadPoolExecutor.java:624)
at java.lang.Thread.run(Thread.java:748)
... Removed 10 stack frames]]>
    </failure>
  </testcase> <!-- editLead -->
  <testcase name="createLead" time="27.342" classname="testcases.CreateLead"/>
</testsuite> <!-- TestParallel -->
