<?xml version="1.0" encoding="UTF-8"?>
<!-- Generated by org.testng.reporters.JUnitXMLReporter -->
<testsuite hostname="Apparnaas-MacBook-Pro.local" ignored="5" name="CEMTest" tests="4" failures="2" timestamp="12 Jan 2019 05:19:51 GMT" time="92.534" errors="0">
  <testcase name="duplicateLead" time="30.049" classname="testcases.DulicateLead">
    <failure type="java.lang.RuntimeException">
      <![CDATA[java.lang.RuntimeException
at com.yalla.selenium.api.base.SeleniumBase.locateElement(SeleniumBase.java:308)
at testcases.DulicateLead.duplicateLead(DulicateLead.java:29)
... Removed 25 stack frames]]>
    </failure>
  </testcase> <!-- duplicateLead -->
  <testcase name="createLead" time="30.58" classname="testcases.CreateLead">
    <failure type="java.lang.RuntimeException">
      <![CDATA[java.lang.RuntimeException
at com.yalla.selenium.api.base.SeleniumBase.locateElement(SeleniumBase.java:308)
at testcases.CreateLead.createLead(CreateLead.java:16)
... Removed 25 stack frames]]>
    </failure>
  </testcase> <!-- createLead -->
  <testcase name="createLead" time="17.871" classname="testcases.CreateLead"/>
  <testcase name="editLead" time="0.0" classname="testcases.EditLead">
    <skipped/>
  </testcase> <!-- editLead -->
  <testcase name="MergeLeadTest" time="0.0" classname="testcases.MergeLead">
    <ignored/>
  </testcase> <!-- MergeLeadTest -->
  <testcase name="@BeforeSuite beforeSuite" time="0.0" classname="testcases.Annotations">
    <ignored/>
  </testcase> <!-- @BeforeSuite beforeSuite -->
  <testcase name="@AfterTest afterTest" time="0.0" classname="testcases.Annotations">
    <ignored/>
  </testcase> <!-- @AfterTest afterTest -->
  <testcase name="@AfterSuite afterSuite" time="0.0" classname="testcases.Annotations">
    <ignored/>
  </testcase> <!-- @AfterSuite afterSuite -->
  <testcase name="@BeforeTest beforeTest" time="0.0" classname="testcases.Annotations">
    <ignored/>
  </testcase> <!-- @BeforeTest beforeTest -->
</testsuite> <!-- CEMTest -->
